2020-06-03T17:25:32+00:00 CRITICAL syntax error, unexpected end of file, expecting elseif (T_ELSEIF) or else (T_ELSE) or endif (T_ENDIF) in C:\xampp\htdocs\Tonymoly\wp-content\themes\Tonymoly\partials\header-general.php on line 225

2020-06-03T17:25:39+00:00 CRITICAL syntax error, unexpected end of file, expecting elseif (T_ELSEIF) or else (T_ELSE) or endif (T_ENDIF) in C:\xampp\htdocs\Tonymoly\wp-content\themes\Tonymoly\partials\header-general.php on line 225

2020-06-03T17:35:05+00:00 CRITICAL Uncaught Error: Object of class WP_User could not be converted to string in C:\xampp\htdocs\Tonymoly\wp-content\themes\Tonymoly\partials\header-general.php:28
Stack trace:
#0 C:\xampp\htdocs\Tonymoly\wp-includes\template.php(725): require()
#1 C:\xampp\htdocs\Tonymoly\wp-includes\template.php(672): load_template('C:\\xampp\\htdocs...', false)
#2 C:\xampp\htdocs\Tonymoly\wp-includes\general-template.php(168): locate_template(Array, true, false)
#3 C:\xampp\htdocs\Tonymoly\wp-content\themes\Tonymoly\page-iniciar-sesion.php(29): get_template_part('partials/header...')
#4 C:\xampp\htdocs\Tonymoly\wp-includes\template-loader.php(106): include('C:\\xampp\\htdocs...')
#5 C:\xampp\htdocs\Tonymoly\wp-blog-header.php(19): require_once('C:\\xampp\\htdocs...')
#6 C:\xampp\htdocs\Tonymoly\index.php(17): require('C:\\xampp\\htdocs...')
#7 {main}
  thrown in C:\xampp\htdocs\Tonymoly\wp-content\themes\Tonymoly\partials\header-general.php on line 28

2020-06-03T17:35:47+00:00 CRITICAL Uncaught Error: Object of class WP_User could not be converted to string in C:\xampp\htdocs\Tonymoly\wp-content\themes\Tonymoly\partials\header-general.php:28
Stack trace:
#0 C:\xampp\htdocs\Tonymoly\wp-includes\template.php(725): require()
#1 C:\xampp\htdocs\Tonymoly\wp-includes\template.php(672): load_template('C:\\xampp\\htdocs...', false)
#2 C:\xampp\htdocs\Tonymoly\wp-includes\general-template.php(168): locate_template(Array, true, false)
#3 C:\xampp\htdocs\Tonymoly\wp-content\themes\Tonymoly\page-iniciar-sesion.php(29): get_template_part('partials/header...')
#4 C:\xampp\htdocs\Tonymoly\wp-includes\template-loader.php(106): include('C:\\xampp\\htdocs...')
#5 C:\xampp\htdocs\Tonymoly\wp-blog-header.php(19): require_once('C:\\xampp\\htdocs...')
#6 C:\xampp\htdocs\Tonymoly\index.php(17): require('C:\\xampp\\htdocs...')
#7 {main}
  thrown in C:\xampp\htdocs\Tonymoly\wp-content\themes\Tonymoly\partials\header-general.php on line 28

2020-06-03T17:35:53+00:00 CRITICAL Uncaught Error: Object of class WP_User could not be converted to string in C:\xampp\htdocs\Tonymoly\wp-content\themes\Tonymoly\partials\header-general.php:28
Stack trace:
#0 C:\xampp\htdocs\Tonymoly\wp-includes\template.php(725): require()
#1 C:\xampp\htdocs\Tonymoly\wp-includes\template.php(672): load_template('C:\\xampp\\htdocs...', false)
#2 C:\xampp\htdocs\Tonymoly\wp-includes\general-template.php(168): locate_template(Array, true, false)
#3 C:\xampp\htdocs\Tonymoly\wp-content\themes\Tonymoly\home.php(2): get_template_part('partials/header...')
#4 C:\xampp\htdocs\Tonymoly\wp-includes\template-loader.php(106): include('C:\\xampp\\htdocs...')
#5 C:\xampp\htdocs\Tonymoly\wp-blog-header.php(19): require_once('C:\\xampp\\htdocs...')
#6 C:\xampp\htdocs\Tonymoly\index.php(17): require('C:\\xampp\\htdocs...')
#7 {main}
  thrown in C:\xampp\htdocs\Tonymoly\wp-content\themes\Tonymoly\partials\header-general.php on line 28

2020-06-03T17:36:02+00:00 CRITICAL Uncaught Error: Object of class WP_User could not be converted to string in C:\xampp\htdocs\Tonymoly\wp-content\themes\Tonymoly\partials\header-general.php:28
Stack trace:
#0 C:\xampp\htdocs\Tonymoly\wp-includes\template.php(725): require()
#1 C:\xampp\htdocs\Tonymoly\wp-includes\template.php(672): load_template('C:\\xampp\\htdocs...', false)
#2 C:\xampp\htdocs\Tonymoly\wp-includes\general-template.php(168): locate_template(Array, true, false)
#3 C:\xampp\htdocs\Tonymoly\wp-content\themes\Tonymoly\home.php(2): get_template_part('partials/header...')
#4 C:\xampp\htdocs\Tonymoly\wp-includes\template-loader.php(106): include('C:\\xampp\\htdocs...')
#5 C:\xampp\htdocs\Tonymoly\wp-blog-header.php(19): require_once('C:\\xampp\\htdocs...')
#6 C:\xampp\htdocs\Tonymoly\index.php(17): require('C:\\xampp\\htdocs...')
#7 {main}
  thrown in C:\xampp\htdocs\Tonymoly\wp-content\themes\Tonymoly\partials\header-general.php on line 28

2020-06-03T17:36:12+00:00 CRITICAL Uncaught Error: Object of class WP_User could not be converted to string in C:\xampp\htdocs\Tonymoly\wp-content\themes\Tonymoly\partials\header-general.php:28
Stack trace:
#0 C:\xampp\htdocs\Tonymoly\wp-includes\template.php(725): require()
#1 C:\xampp\htdocs\Tonymoly\wp-includes\template.php(672): load_template('C:\\xampp\\htdocs...', false)
#2 C:\xampp\htdocs\Tonymoly\wp-includes\general-template.php(168): locate_template(Array, true, false)
#3 C:\xampp\htdocs\Tonymoly\wp-content\themes\Tonymoly\home.php(2): get_template_part('partials/header...')
#4 C:\xampp\htdocs\Tonymoly\wp-includes\template-loader.php(106): include('C:\\xampp\\htdocs...')
#5 C:\xampp\htdocs\Tonymoly\wp-blog-header.php(19): require_once('C:\\xampp\\htdocs...')
#6 C:\xampp\htdocs\Tonymoly\index.php(17): require('C:\\xampp\\htdocs...')
#7 {main}
  thrown in C:\xampp\htdocs\Tonymoly\wp-content\themes\Tonymoly\partials\header-general.php on line 28

